<?xml version="1.0" encoding="UTF-8"?>
<!-- Generated by org.testng.reporters.JUnitReportReporter -->
<testsuite hostname="Mikhails-MacBook-Pro.local" name="TestPage" tests="3" failures="0" timestamp="29 Aug 2016 02:02:07 GMT" time="55.137" errors="0">
  <testcase name="fileUploadingTest" time="14.926" classname="TestPage"/>
  <testcase name="validateFavoriteStarItem" time="1.353" classname="TestPage"/>
  <testcase name="login" time="38.858" classname="TestPage"/>
</testsuite> <!-- TestPage -->
