<?xml version="1.0" encoding="UTF-8"?>
<!-- Generated by org.testng.reporters.JUnitReportReporter -->
<testsuite hostname="Mikhails-MacBook-Pro.local" name="MainTestClass" tests="2" failures="0" timestamp="18 Aug 2016 18:05:30 GMT" time="2.447" errors="0">
  <testcase name="login" time="1.006" classname="MainTestClass"/>
  <testcase name="checkTitle" time="1.441" classname="MainTestClass"/>
</testsuite> <!-- MainTestClass -->
